<?xml version="1.0" encoding="UTF-8"?>
<!-- Generated by org.testng.reporters.JUnitReportReporter -->
<testsuite hostname="DESKTOP-KUU4P7E" name="mavenGit.demo" tests="1" failures="0" timestamp="16 Dec 2017 11:15:57 GMT" time="3.100" errors="0">
  <testcase name="f" time="3.100" classname="mavenGit.demo"/>
</testsuite> <!-- mavenGit.demo -->
