<?xml version="1.0" encoding="UTF-8"?>
<!-- Generated by org.testng.reporters.JUnitReportReporter -->
<testsuite skipped="0" hostname="DESKTOP-KUU4P7E" name="testCase.LoginApp" tests="1" failures="0" timestamp="22 Dec 2017 14:42:43 GMT" time="13.720" errors="0">
  <testcase name="login" time="13.720" classname="testCase.LoginApp"/>
</testsuite> <!-- testCase.LoginApp -->
