<?xml version="1.0" encoding="UTF-8"?>
<!-- Generated by org.testng.reporters.JUnitReportReporter -->
<testsuite skipped="0" hostname="DESKTOP-KUU4P7E" name="testcase.Test1" tests="1" failures="0" timestamp="22 Dec 2017 12:16:10 GMT" time="23.959" errors="0">
  <testcase name="ts1" time="23.959" classname="testcase.Test1"/>
</testsuite> <!-- testcase.Test1 -->
