<?xml version="1.0" encoding="UTF-8"?>
<!-- Generated by org.testng.reporters.JUnitReportReporter -->
<testsuite skipped="0" hostname="DESKTOP-KUU4P7E" name="demotutorials.CaptureScreenShot" tests="1" failures="0" timestamp="17 Nov 2017 06:33:48 GMT" time="13.341" errors="0">
  <testcase name="ScrollToTab" time="13.341" classname="demotutorials.CaptureScreenShot"/>
</testsuite> <!-- demotutorials.CaptureScreenShot -->
