<?xml version="1.0" encoding="UTF-8"?>
<!-- Generated by org.testng.reporters.JUnitReportReporter -->
<testsuite skipped="0" hostname="DESKTOP-KUU4P7E" name="demotutorials.HandleAlert" tests="1" failures="0" timestamp="25 Dec 2017 09:13:47 GMT" time="8.969" errors="0">
  <testcase name="okOnAlert" time="8.969" classname="demotutorials.HandleAlert"/>
</testsuite> <!-- demotutorials.HandleAlert -->
