<?xml version="1.0" encoding="UTF-8"?>
<!-- Generated by org.testng.reporters.JUnitReportReporter -->
<testsuite skipped="0" hostname="DESKTOP-KUU4P7E" name="demotutorials.SelectValueDropDown" tests="1" failures="0" timestamp="17 Nov 2017 21:05:12 GMT" time="13.871" errors="0">
  <testcase name="select" time="13.871" classname="demotutorials.SelectValueDropDown"/>
</testsuite> <!-- demotutorials.SelectValueDropDown -->
