<?xml version="1.0" encoding="UTF-8"?>
<!-- Generated by org.testng.reporters.JUnitReportReporter -->
<testsuite skipped="0" hostname="DESKTOP-KUU4P7E" name="demotutorials.DragAndDropAction" tests="1" failures="0" timestamp="17 Nov 2017 18:12:50 GMT" time="8.026" errors="0">
  <testcase name="dragDrop" time="8.026" classname="demotutorials.DragAndDropAction"/>
</testsuite> <!-- demotutorials.DragAndDropAction -->
