<?xml version="1.0" encoding="UTF-8"?>
<!-- Generated by org.testng.reporters.JUnitReportReporter -->
<testsuite skipped="0" hostname="DESKTOP-KUU4P7E" name="demotutorials.ScrollTabs" tests="1" failures="0" timestamp="17 Nov 2017 20:57:00 GMT" time="23.574" errors="0">
  <testcase name="ScrollToTab" time="23.574" classname="demotutorials.ScrollTabs"/>
</testsuite> <!-- demotutorials.ScrollTabs -->
